<?xml version="1.0" encoding="UTF-8"?>
<coverage generated="1540948994738" clover="3.2.0">
  <project timestamp="1540948994738" name="All files">
    <metrics statements="119" coveredstatements="98" conditionals="32" coveredconditionals="24" methods="26" coveredmethods="18" elements="177" coveredelements="140" complexity="0" loc="119" ncloc="119" packages="2" files="5" classes="5">
      <package name="Back_End_Project_Week">
        <metrics statements="20" coveredstatements="19" conditionals="2" coveredconditionals="1" methods="1" coveredmethods="0"/>
        <file name="knexfile.js" path="/Users/marshall/Desktop/main_project/Back_End_Project_Week/knexfile.js">
          <metrics statements="1" coveredstatements="1" conditionals="0" coveredconditionals="0" methods="0" coveredmethods="0"/>
          <line num="1" count="1" type="stmt"/>
        </file>
        <file name="server.js" path="/Users/marshall/Desktop/main_project/Back_End_Project_Week/server.js">
          <metrics statements="19" coveredstatements="18" conditionals="2" coveredconditionals="1" methods="1" coveredmethods="0"/>
          <line num="1" count="1" type="stmt"/>
          <line num="2" count="1" type="stmt"/>
          <line num="3" count="1" type="stmt"/>
          <line num="4" count="1" type="stmt"/>
          <line num="5" count="1" type="stmt"/>
          <line num="6" count="1" type="stmt"/>
          <line num="8" count="1" type="stmt"/>
          <line num="9" count="1" type="stmt"/>
          <line num="11" count="1" type="stmt"/>
          <line num="12" count="1" type="stmt"/>
          <line num="13" count="1" type="stmt"/>
          <line num="14" count="1" type="stmt"/>
          <line num="16" count="1" type="stmt"/>
          <line num="17" count="1" type="stmt"/>
          <line num="19" count="1" type="stmt"/>
          <line num="20" count="1" type="stmt"/>
          <line num="23" count="1" type="cond" truecount="1" falsecount="1"/>
          <line num="24" count="0" type="stmt"/>
          <line num="27" count="1" type="stmt"/>
        </file>
      </package>
      <package name="Back_End_Project_Week.Routes">
        <metrics statements="99" coveredstatements="79" conditionals="30" coveredconditionals="23" methods="25" coveredmethods="18"/>
        <file name="keys.js" path="/Users/marshall/Desktop/main_project/Back_End_Project_Week/Routes/keys.js">
          <metrics statements="1" coveredstatements="1" conditionals="0" coveredconditionals="0" methods="0" coveredmethods="0"/>
          <line num="1" count="1" type="stmt"/>
        </file>
        <file name="notesRoutes.js" path="/Users/marshall/Desktop/main_project/Back_End_Project_Week/Routes/notesRoutes.js">
          <metrics statements="54" coveredstatements="43" conditionals="18" coveredconditionals="15" methods="17" coveredmethods="12"/>
          <line num="1" count="1" type="stmt"/>
          <line num="2" count="1" type="stmt"/>
          <line num="3" count="1" type="stmt"/>
          <line num="5" count="1" type="stmt"/>
          <line num="6" count="1" type="stmt"/>
          <line num="8" count="1" type="stmt"/>
          <line num="9" count="1" type="stmt"/>
          <line num="12" count="5" type="stmt"/>
          <line num="13" count="5" type="cond" truecount="2" falsecount="0"/>
          <line num="14" count="3" type="stmt"/>
          <line num="15" count="3" type="cond" truecount="1" falsecount="1"/>
          <line num="17" count="0" type="stmt"/>
          <line num="21" count="3" type="stmt"/>
          <line num="22" count="3" type="stmt"/>
          <line num="26" count="2" type="stmt"/>
          <line num="32" count="1" type="stmt"/>
          <line num="33" count="2" type="stmt"/>
          <line num="36" count="2" type="cond" truecount="4" falsecount="0"/>
          <line num="37" count="1" type="stmt"/>
          <line num="40" count="1" type="stmt"/>
          <line num="42" count="1" type="stmt"/>
          <line num="45" count="0" type="stmt"/>
          <line num="46" count="0" type="stmt"/>
          <line num="52" count="1" type="stmt"/>
          <line num="53" count="2" type="stmt"/>
          <line num="55" count="2" type="stmt"/>
          <line num="58" count="0" type="stmt"/>
          <line num="59" count="0" type="stmt"/>
          <line num="64" count="1" type="stmt"/>
          <line num="66" count="1" type="stmt"/>
          <line num="68" count="1" type="stmt"/>
          <line num="73" count="1" type="cond" truecount="1" falsecount="1"/>
          <line num="74" count="0" type="stmt"/>
          <line num="77" count="1" type="stmt"/>
          <line num="80" count="0" type="stmt"/>
          <line num="86" count="1" type="stmt"/>
          <line num="87" count="2" type="stmt"/>
          <line num="88" count="2" type="stmt"/>
          <line num="91" count="2" type="cond" truecount="4" falsecount="0"/>
          <line num="92" count="1" type="stmt"/>
          <line num="95" count="1" type="stmt"/>
          <line num="99" count="1" type="stmt"/>
          <line num="102" count="0" type="stmt"/>
          <line num="103" count="0" type="stmt"/>
          <line num="108" count="1" type="stmt"/>
          <line num="109" count="2" type="stmt"/>
          <line num="110" count="2" type="stmt"/>
          <line num="114" count="2" type="cond" truecount="2" falsecount="0"/>
          <line num="115" count="1" type="stmt"/>
          <line num="118" count="1" type="cond" truecount="1" falsecount="1"/>
          <line num="119" count="1" type="stmt"/>
          <line num="123" count="0" type="stmt"/>
          <line num="124" count="0" type="stmt"/>
          <line num="129" count="1" type="stmt"/>
        </file>
        <file name="usersRoutes.js" path="/Users/marshall/Desktop/main_project/Back_End_Project_Week/Routes/usersRoutes.js">
          <metrics statements="44" coveredstatements="35" conditionals="12" coveredconditionals="8" methods="8" coveredmethods="6"/>
          <line num="1" count="1" type="stmt"/>
          <line num="2" count="1" type="stmt"/>
          <line num="3" count="1" type="stmt"/>
          <line num="4" count="1" type="stmt"/>
          <line num="5" count="1" type="stmt"/>
          <line num="7" count="1" type="stmt"/>
          <line num="8" count="1" type="stmt"/>
          <line num="10" count="1" type="stmt"/>
          <line num="13" count="2" type="stmt"/>
          <line num="16" count="2" type="stmt"/>
          <line num="20" count="2" type="stmt"/>
          <line num="23" count="1" type="stmt"/>
          <line num="24" count="1" type="stmt"/>
          <line num="26" count="1" type="stmt"/>
          <line num="27" count="1" type="stmt"/>
          <line num="28" count="1" type="stmt"/>
          <line num="30" count="1" type="cond" truecount="1" falsecount="1"/>
          <line num="31" count="0" type="stmt"/>
          <line num="32" count="0" type="stmt"/>
          <line num="35" count="1" type="cond" truecount="1" falsecount="1"/>
          <line num="36" count="0" type="stmt"/>
          <line num="37" count="0" type="stmt"/>
          <line num="41" count="1" type="cond" truecount="1" falsecount="1"/>
          <line num="42" count="0" type="stmt"/>
          <line num="46" count="1" type="cond" truecount="1" falsecount="1"/>
          <line num="48" count="1" type="stmt"/>
          <line num="49" count="1" type="stmt"/>
          <line num="51" count="1" type="stmt"/>
          <line num="55" count="1" type="stmt"/>
          <line num="56" count="1" type="stmt"/>
          <line num="60" count="1" type="stmt"/>
          <line num="61" count="1" type="stmt"/>
          <line num="64" count="0" type="stmt"/>
          <line num="65" count="0" type="stmt"/>
          <line num="69" count="0" type="stmt"/>
          <line num="70" count="0" type="stmt"/>
          <line num="75" count="1" type="stmt"/>
          <line num="76" count="2" type="stmt"/>
          <line num="77" count="2" type="stmt"/>
          <line num="81" count="2" type="cond" truecount="4" falsecount="0"/>
          <line num="83" count="1" type="stmt"/>
          <line num="84" count="1" type="stmt"/>
          <line num="86" count="1" type="stmt"/>
          <line num="91" count="1" type="stmt"/>
        </file>
      </package>
    </metrics>
  </project>
</coverage>
