{"/Users/marshall/Desktop/main_project/Back_End_Project_Week/knexfile.js": {"path":"/Users/marshall/Desktop/main_project/Back_End_Project_Week/knexfile.js","statementMap":{"0":{"start":{"line":1,"column":0},"end":{"line":15,"column":2}}},"fnMap":{},"branchMap":{},"s":{"0":1},"f":{},"b":{},"_coverageSchema":"332fd63041d2c1bcb487cc26dd0d5f7d97098a6c","hash":"2733c95f2bda7d41dbeef50dd51e1b401b29010c"}
,"/Users/marshall/Desktop/main_project/Back_End_Project_Week/server.js": {"path":"/Users/marshall/Desktop/main_project/Back_End_Project_Week/server.js","statementMap":{"0":{"start":{"line":1,"column":16},"end":{"line":1,"column":34}},"1":{"start":{"line":2,"column":15},"end":{"line":2,"column":24}},"2":{"start":{"line":3,"column":15},"end":{"line":3,"column":32}},"3":{"start":{"line":4,"column":13},"end":{"line":4,"column":28}},"4":{"start":{"line":5,"column":15},"end":{"line":5,"column":32}},"5":{"start":{"line":6,"column":13},"end":{"line":6,"column":28}},"6":{"start":{"line":8,"column":17},"end":{"line":8,"column":38}},"7":{"start":{"line":9,"column":11},"end":{"line":9,"column":37}},"8":{"start":{"line":11,"column":0},"end":{"line":11,"column":27}},"9":{"start":{"line":12,"column":0},"end":{"line":12,"column":21}},"10":{"start":{"line":13,"column":0},"end":{"line":13,"column":26}},"11":{"start":{"line":14,"column":0},"end":{"line":14,"column":18}},"12":{"start":{"line":16,"column":19},"end":{"line":16,"column":50}},"13":{"start":{"line":17,"column":20},"end":{"line":17,"column":51}},"14":{"start":{"line":19,"column":0},"end":{"line":19,"column":32}},"15":{"start":{"line":20,"column":0},"end":{"line":20,"column":33}},"16":{"start":{"line":23,"column":0},"end":{"line":25,"column":1}},"17":{"start":{"line":24,"column":2},"end":{"line":24,"column":65}},"18":{"start":{"line":24,"column":28},"end":{"line":24,"column":63}},"19":{"start":{"line":27,"column":0},"end":{"line":27,"column":24}}},"fnMap":{"0":{"name":"(anonymous_0)","decl":{"start":{"line":24,"column":22},"end":{"line":24,"column":23}},"loc":{"start":{"line":24,"column":28},"end":{"line":24,"column":63}},"line":24}},"branchMap":{"0":{"loc":{"start":{"line":23,"column":0},"end":{"line":25,"column":1}},"type":"if","locations":[{"start":{"line":23,"column":0},"end":{"line":25,"column":1}},{"start":{"line":23,"column":0},"end":{"line":25,"column":1}}],"line":23}},"s":{"0":1,"1":1,"2":1,"3":1,"4":1,"5":1,"6":1,"7":1,"8":1,"9":1,"10":1,"11":1,"12":1,"13":1,"14":1,"15":1,"16":1,"17":0,"18":0,"19":1},"f":{"0":0},"b":{"0":[0,1]},"_coverageSchema":"332fd63041d2c1bcb487cc26dd0d5f7d97098a6c","hash":"b7c7c29e6530786c3b3058b80139d067e2491465"}
,"/Users/marshall/Desktop/main_project/Back_End_Project_Week/Routes/keys.js": {"path":"/Users/marshall/Desktop/main_project/Back_End_Project_Week/Routes/keys.js","statementMap":{"0":{"start":{"line":1,"column":0},"end":{"line":3,"column":2}}},"fnMap":{},"branchMap":{},"s":{"0":1},"f":{},"b":{},"_coverageSchema":"332fd63041d2c1bcb487cc26dd0d5f7d97098a6c","hash":"49e11fbb59db3259624283c057523eae6ec7158e"}
,"/Users/marshall/Desktop/main_project/Back_End_Project_Week/Routes/notesRoutes.js": {"path":"/Users/marshall/Desktop/main_project/Back_End_Project_Week/Routes/notesRoutes.js","statementMap":{"0":{"start":{"line":1,"column":16},"end":{"line":1,"column":34}},"1":{"start":{"line":2,"column":15},"end":{"line":2,"column":31}},"2":{"start":{"line":3,"column":13},"end":{"line":3,"column":28}},"3":{"start":{"line":5,"column":17},"end":{"line":5,"column":39}},"4":{"start":{"line":6,"column":11},"end":{"line":6,"column":37}},"5":{"start":{"line":8,"column":12},"end":{"line":8,"column":35}},"6":{"start":{"line":9,"column":15},"end":{"line":9,"column":39}},"7":{"start":{"line":12,"column":15},"end":{"line":12,"column":40}},"8":{"start":{"line":13,"column":1},"end":{"line":27,"column":2}},"9":{"start":{"line":14,"column":2},"end":{"line":24,"column":5}},"10":{"start":{"line":15,"column":3},"end":{"line":23,"column":4}},"11":{"start":{"line":17,"column":4},"end":{"line":17,"column":48}},"12":{"start":{"line":21,"column":4},"end":{"line":21,"column":41}},"13":{"start":{"line":22,"column":4},"end":{"line":22,"column":10}},"14":{"start":{"line":26,"column":2},"end":{"line":26,"column":50}},"15":{"start":{"line":32,"column":0},"end":{"line":48,"column":2}},"16":{"start":{"line":33,"column":31},"end":{"line":33,"column":39}},"17":{"start":{"line":36,"column":1},"end":{"line":38,"column":2}},"18":{"start":{"line":37,"column":2},"end":{"line":37,"column":75}},"19":{"start":{"line":40,"column":1},"end":{"line":47,"column":4}},"20":{"start":{"line":42,"column":3},"end":{"line":42,"column":33}},"21":{"start":{"line":45,"column":3},"end":{"line":45,"column":21}},"22":{"start":{"line":46,"column":3},"end":{"line":46,"column":66}},"23":{"start":{"line":52,"column":0},"end":{"line":61,"column":2}},"24":{"start":{"line":53,"column":1},"end":{"line":60,"column":4}},"25":{"start":{"line":55,"column":3},"end":{"line":55,"column":33}},"26":{"start":{"line":58,"column":3},"end":{"line":58,"column":21}},"27":{"start":{"line":59,"column":3},"end":{"line":59,"column":66}},"28":{"start":{"line":64,"column":0},"end":{"line":82,"column":2}},"29":{"start":{"line":66,"column":16},"end":{"line":66,"column":26}},"30":{"start":{"line":68,"column":1},"end":{"line":81,"column":4}},"31":{"start":{"line":73,"column":3},"end":{"line":75,"column":4}},"32":{"start":{"line":74,"column":4},"end":{"line":74,"column":56}},"33":{"start":{"line":77,"column":3},"end":{"line":77,"column":36}},"34":{"start":{"line":80,"column":3},"end":{"line":80,"column":65}},"35":{"start":{"line":86,"column":0},"end":{"line":105,"column":2}},"36":{"start":{"line":87,"column":16},"end":{"line":87,"column":26}},"37":{"start":{"line":88,"column":25},"end":{"line":88,"column":33}},"38":{"start":{"line":91,"column":1},"end":{"line":93,"column":2}},"39":{"start":{"line":92,"column":2},"end":{"line":92,"column":97}},"40":{"start":{"line":95,"column":1},"end":{"line":104,"column":3}},"41":{"start":{"line":99,"column":2},"end":{"line":99,"column":32}},"42":{"start":{"line":102,"column":2},"end":{"line":102,"column":20}},"43":{"start":{"line":103,"column":2},"end":{"line":103,"column":68}},"44":{"start":{"line":108,"column":0},"end":{"line":126,"column":2}},"45":{"start":{"line":109,"column":16},"end":{"line":109,"column":26}},"46":{"start":{"line":110,"column":1},"end":{"line":125,"column":3}},"47":{"start":{"line":114,"column":2},"end":{"line":116,"column":3}},"48":{"start":{"line":115,"column":3},"end":{"line":115,"column":58}},"49":{"start":{"line":118,"column":2},"end":{"line":120,"column":3}},"50":{"start":{"line":119,"column":3},"end":{"line":119,"column":40}},"51":{"start":{"line":123,"column":2},"end":{"line":123,"column":20}},"52":{"start":{"line":124,"column":2},"end":{"line":124,"column":29}},"53":{"start":{"line":129,"column":0},"end":{"line":129,"column":24}}},"fnMap":{"0":{"name":"protects","decl":{"start":{"line":11,"column":9},"end":{"line":11,"column":17}},"loc":{"start":{"line":11,"column":33},"end":{"line":28,"column":1}},"line":11},"1":{"name":"(anonymous_1)","decl":{"start":{"line":14,"column":28},"end":{"line":14,"column":29}},"loc":{"start":{"line":14,"column":51},"end":{"line":24,"column":3}},"line":14},"2":{"name":"(anonymous_2)","decl":{"start":{"line":32,"column":16},"end":{"line":32,"column":17}},"loc":{"start":{"line":32,"column":30},"end":{"line":48,"column":1}},"line":32},"3":{"name":"(anonymous_3)","decl":{"start":{"line":41,"column":8},"end":{"line":41,"column":9}},"loc":{"start":{"line":41,"column":20},"end":{"line":43,"column":3}},"line":41},"4":{"name":"(anonymous_4)","decl":{"start":{"line":44,"column":9},"end":{"line":44,"column":10}},"loc":{"start":{"line":44,"column":18},"end":{"line":47,"column":3}},"line":44},"5":{"name":"(anonymous_5)","decl":{"start":{"line":52,"column":25},"end":{"line":52,"column":26}},"loc":{"start":{"line":52,"column":39},"end":{"line":61,"column":1}},"line":52},"6":{"name":"(anonymous_6)","decl":{"start":{"line":54,"column":8},"end":{"line":54,"column":9}},"loc":{"start":{"line":54,"column":20},"end":{"line":56,"column":3}},"line":54},"7":{"name":"(anonymous_7)","decl":{"start":{"line":57,"column":9},"end":{"line":57,"column":10}},"loc":{"start":{"line":57,"column":18},"end":{"line":60,"column":3}},"line":57},"8":{"name":"(anonymous_8)","decl":{"start":{"line":64,"column":29},"end":{"line":64,"column":30}},"loc":{"start":{"line":64,"column":43},"end":{"line":82,"column":1}},"line":64},"9":{"name":"(anonymous_9)","decl":{"start":{"line":70,"column":8},"end":{"line":70,"column":9}},"loc":{"start":{"line":70,"column":20},"end":{"line":78,"column":3}},"line":70},"10":{"name":"(anonymous_10)","decl":{"start":{"line":79,"column":9},"end":{"line":79,"column":10}},"loc":{"start":{"line":79,"column":18},"end":{"line":81,"column":3}},"line":79},"11":{"name":"(anonymous_11)","decl":{"start":{"line":86,"column":19},"end":{"line":86,"column":20}},"loc":{"start":{"line":86,"column":33},"end":{"line":105,"column":1}},"line":86},"12":{"name":"(anonymous_12)","decl":{"start":{"line":98,"column":7},"end":{"line":98,"column":8}},"loc":{"start":{"line":98,"column":19},"end":{"line":100,"column":2}},"line":98},"13":{"name":"(anonymous_13)","decl":{"start":{"line":101,"column":8},"end":{"line":101,"column":9}},"loc":{"start":{"line":101,"column":17},"end":{"line":104,"column":2}},"line":101},"14":{"name":"(anonymous_14)","decl":{"start":{"line":108,"column":22},"end":{"line":108,"column":23}},"loc":{"start":{"line":108,"column":36},"end":{"line":126,"column":1}},"line":108},"15":{"name":"(anonymous_15)","decl":{"start":{"line":113,"column":7},"end":{"line":113,"column":8}},"loc":{"start":{"line":113,"column":19},"end":{"line":121,"column":2}},"line":113},"16":{"name":"(anonymous_16)","decl":{"start":{"line":122,"column":8},"end":{"line":122,"column":9}},"loc":{"start":{"line":122,"column":17},"end":{"line":125,"column":2}},"line":122}},"branchMap":{"0":{"loc":{"start":{"line":13,"column":1},"end":{"line":27,"column":2}},"type":"if","locations":[{"start":{"line":13,"column":1},"end":{"line":27,"column":2}},{"start":{"line":13,"column":1},"end":{"line":27,"column":2}}],"line":13},"1":{"loc":{"start":{"line":15,"column":3},"end":{"line":23,"column":4}},"type":"if","locations":[{"start":{"line":15,"column":3},"end":{"line":23,"column":4}},{"start":{"line":15,"column":3},"end":{"line":23,"column":4}}],"line":15},"2":{"loc":{"start":{"line":36,"column":1},"end":{"line":38,"column":2}},"type":"if","locations":[{"start":{"line":36,"column":1},"end":{"line":38,"column":2}},{"start":{"line":36,"column":1},"end":{"line":38,"column":2}}],"line":36},"3":{"loc":{"start":{"line":36,"column":5},"end":{"line":36,"column":38}},"type":"binary-expr","locations":[{"start":{"line":36,"column":5},"end":{"line":36,"column":20}},{"start":{"line":36,"column":24},"end":{"line":36,"column":38}}],"line":36},"4":{"loc":{"start":{"line":73,"column":3},"end":{"line":75,"column":4}},"type":"if","locations":[{"start":{"line":73,"column":3},"end":{"line":75,"column":4}},{"start":{"line":73,"column":3},"end":{"line":75,"column":4}}],"line":73},"5":{"loc":{"start":{"line":91,"column":1},"end":{"line":93,"column":2}},"type":"if","locations":[{"start":{"line":91,"column":1},"end":{"line":93,"column":2}},{"start":{"line":91,"column":1},"end":{"line":93,"column":2}}],"line":91},"6":{"loc":{"start":{"line":91,"column":4},"end":{"line":91,"column":37}},"type":"binary-expr","locations":[{"start":{"line":91,"column":4},"end":{"line":91,"column":19}},{"start":{"line":91,"column":23},"end":{"line":91,"column":37}}],"line":91},"7":{"loc":{"start":{"line":114,"column":2},"end":{"line":116,"column":3}},"type":"if","locations":[{"start":{"line":114,"column":2},"end":{"line":116,"column":3}},{"start":{"line":114,"column":2},"end":{"line":116,"column":3}}],"line":114},"8":{"loc":{"start":{"line":118,"column":2},"end":{"line":120,"column":3}},"type":"if","locations":[{"start":{"line":118,"column":2},"end":{"line":120,"column":3}},{"start":{"line":118,"column":2},"end":{"line":120,"column":3}}],"line":118}},"s":{"0":1,"1":1,"2":1,"3":1,"4":1,"5":1,"6":1,"7":5,"8":5,"9":3,"10":3,"11":0,"12":3,"13":3,"14":2,"15":1,"16":2,"17":2,"18":1,"19":1,"20":1,"21":0,"22":0,"23":1,"24":2,"25":2,"26":0,"27":0,"28":1,"29":1,"30":1,"31":1,"32":0,"33":1,"34":0,"35":1,"36":2,"37":2,"38":2,"39":1,"40":1,"41":1,"42":0,"43":0,"44":1,"45":2,"46":2,"47":2,"48":1,"49":1,"50":1,"51":0,"52":0,"53":1},"f":{"0":5,"1":3,"2":2,"3":1,"4":0,"5":2,"6":2,"7":0,"8":1,"9":1,"10":0,"11":2,"12":1,"13":0,"14":2,"15":2,"16":0},"b":{"0":[3,2],"1":[0,3],"2":[1,1],"3":[2,1],"4":[0,1],"5":[1,1],"6":[2,1],"7":[1,1],"8":[1,0]},"_coverageSchema":"332fd63041d2c1bcb487cc26dd0d5f7d97098a6c","hash":"60e30afbc9895ec6a22fc0ee7c3d9172aa297b98"}
,"/Users/marshall/Desktop/main_project/Back_End_Project_Week/Routes/usersRoutes.js": {"path":"/Users/marshall/Desktop/main_project/Back_End_Project_Week/Routes/usersRoutes.js","statementMap":{"0":{"start":{"line":1,"column":16},"end":{"line":1,"column":34}},"1":{"start":{"line":2,"column":15},"end":{"line":2,"column":31}},"2":{"start":{"line":3,"column":13},"end":{"line":3,"column":28}},"3":{"start":{"line":4,"column":15},"end":{"line":4,"column":34}},"4":{"start":{"line":5,"column":12},"end":{"line":5,"column":35}},"5":{"start":{"line":7,"column":17},"end":{"line":7,"column":39}},"6":{"start":{"line":8,"column":11},"end":{"line":8,"column":37}},"7":{"start":{"line":10,"column":15},"end":{"line":10,"column":39}},"8":{"start":{"line":13,"column":17},"end":{"line":15,"column":2}},"9":{"start":{"line":16,"column":17},"end":{"line":19,"column":2}},"10":{"start":{"line":20,"column":1},"end":{"line":20,"column":42}},"11":{"start":{"line":23,"column":0},"end":{"line":73,"column":2}},"12":{"start":{"line":24,"column":15},"end":{"line":24,"column":23}},"13":{"start":{"line":26,"column":10},"end":{"line":26,"column":12}},"14":{"start":{"line":27,"column":10},"end":{"line":27,"column":12}},"15":{"start":{"line":28,"column":11},"end":{"line":28,"column":16}},"16":{"start":{"line":30,"column":1},"end":{"line":33,"column":2}},"17":{"start":{"line":31,"column":2},"end":{"line":31,"column":49}},"18":{"start":{"line":32,"column":2},"end":{"line":32,"column":13}},"19":{"start":{"line":35,"column":1},"end":{"line":38,"column":2}},"20":{"start":{"line":36,"column":2},"end":{"line":36,"column":49}},"21":{"start":{"line":37,"column":2},"end":{"line":37,"column":13}},"22":{"start":{"line":41,"column":1},"end":{"line":43,"column":2}},"23":{"start":{"line":42,"column":2},"end":{"line":42,"column":48}},"24":{"start":{"line":46,"column":1},"end":{"line":72,"column":2}},"25":{"start":{"line":48,"column":15},"end":{"line":48,"column":50}},"26":{"start":{"line":49,"column":2},"end":{"line":49,"column":24}},"27":{"start":{"line":51,"column":2},"end":{"line":71,"column":5}},"28":{"start":{"line":55,"column":15},"end":{"line":55,"column":21}},"29":{"start":{"line":56,"column":4},"end":{"line":66,"column":7}},"30":{"start":{"line":60,"column":20},"end":{"line":60,"column":39}},"31":{"start":{"line":61,"column":6},"end":{"line":61,"column":35}},"32":{"start":{"line":64,"column":6},"end":{"line":64,"column":22}},"33":{"start":{"line":65,"column":6},"end":{"line":65,"column":59}},"34":{"start":{"line":69,"column":4},"end":{"line":69,"column":21}},"35":{"start":{"line":70,"column":4},"end":{"line":70,"column":70}},"36":{"start":{"line":75,"column":0},"end":{"line":89,"column":2}},"37":{"start":{"line":76,"column":15},"end":{"line":76,"column":23}},"38":{"start":{"line":77,"column":1},"end":{"line":88,"column":4}},"39":{"start":{"line":81,"column":3},"end":{"line":87,"column":4}},"40":{"start":{"line":83,"column":18},"end":{"line":83,"column":37}},"41":{"start":{"line":84,"column":4},"end":{"line":84,"column":33}},"42":{"start":{"line":86,"column":4},"end":{"line":86,"column":60}},"43":{"start":{"line":91,"column":0},"end":{"line":91,"column":24}}},"fnMap":{"0":{"name":"generateToken","decl":{"start":{"line":12,"column":9},"end":{"line":12,"column":22}},"loc":{"start":{"line":12,"column":28},"end":{"line":21,"column":1}},"line":12},"1":{"name":"(anonymous_1)","decl":{"start":{"line":23,"column":25},"end":{"line":23,"column":26}},"loc":{"start":{"line":23,"column":39},"end":{"line":73,"column":1}},"line":23},"2":{"name":"(anonymous_2)","decl":{"start":{"line":53,"column":9},"end":{"line":53,"column":10}},"loc":{"start":{"line":53,"column":16},"end":{"line":67,"column":4}},"line":53},"3":{"name":"(anonymous_3)","decl":{"start":{"line":59,"column":11},"end":{"line":59,"column":12}},"loc":{"start":{"line":59,"column":19},"end":{"line":62,"column":6}},"line":59},"4":{"name":"(anonymous_4)","decl":{"start":{"line":63,"column":12},"end":{"line":63,"column":13}},"loc":{"start":{"line":63,"column":19},"end":{"line":66,"column":6}},"line":63},"5":{"name":"(anonymous_5)","decl":{"start":{"line":68,"column":10},"end":{"line":68,"column":11}},"loc":{"start":{"line":68,"column":17},"end":{"line":71,"column":4}},"line":68},"6":{"name":"(anonymous_6)","decl":{"start":{"line":75,"column":22},"end":{"line":75,"column":23}},"loc":{"start":{"line":75,"column":36},"end":{"line":89,"column":1}},"line":75},"7":{"name":"(anonymous_7)","decl":{"start":{"line":80,"column":8},"end":{"line":80,"column":9}},"loc":{"start":{"line":80,"column":16},"end":{"line":88,"column":3}},"line":80}},"branchMap":{"0":{"loc":{"start":{"line":30,"column":1},"end":{"line":33,"column":2}},"type":"if","locations":[{"start":{"line":30,"column":1},"end":{"line":33,"column":2}},{"start":{"line":30,"column":1},"end":{"line":33,"column":2}}],"line":30},"1":{"loc":{"start":{"line":35,"column":1},"end":{"line":38,"column":2}},"type":"if","locations":[{"start":{"line":35,"column":1},"end":{"line":38,"column":2}},{"start":{"line":35,"column":1},"end":{"line":38,"column":2}}],"line":35},"2":{"loc":{"start":{"line":41,"column":1},"end":{"line":43,"column":2}},"type":"if","locations":[{"start":{"line":41,"column":1},"end":{"line":43,"column":2}},{"start":{"line":41,"column":1},"end":{"line":43,"column":2}}],"line":41},"3":{"loc":{"start":{"line":46,"column":1},"end":{"line":72,"column":2}},"type":"if","locations":[{"start":{"line":46,"column":1},"end":{"line":72,"column":2}},{"start":{"line":46,"column":1},"end":{"line":72,"column":2}}],"line":46},"4":{"loc":{"start":{"line":81,"column":3},"end":{"line":87,"column":4}},"type":"if","locations":[{"start":{"line":81,"column":3},"end":{"line":87,"column":4}},{"start":{"line":81,"column":3},"end":{"line":87,"column":4}}],"line":81},"5":{"loc":{"start":{"line":81,"column":7},"end":{"line":81,"column":64}},"type":"binary-expr","locations":[{"start":{"line":81,"column":7},"end":{"line":81,"column":11}},{"start":{"line":81,"column":15},"end":{"line":81,"column":64}}],"line":81}},"s":{"0":1,"1":1,"2":1,"3":1,"4":1,"5":1,"6":1,"7":1,"8":2,"9":2,"10":2,"11":1,"12":1,"13":1,"14":1,"15":1,"16":1,"17":0,"18":0,"19":1,"20":0,"21":0,"22":1,"23":0,"24":1,"25":1,"26":1,"27":1,"28":1,"29":1,"30":1,"31":1,"32":0,"33":0,"34":0,"35":0,"36":1,"37":2,"38":2,"39":2,"40":1,"41":1,"42":1,"43":1},"f":{"0":2,"1":1,"2":1,"3":1,"4":0,"5":0,"6":2,"7":2},"b":{"0":[0,1],"1":[0,1],"2":[0,1],"3":[1,0],"4":[1,1],"5":[2,1]},"_coverageSchema":"332fd63041d2c1bcb487cc26dd0d5f7d97098a6c","hash":"60e5f1c1b67b5f921b11b21be8573bc19570848f"}
}
