TN:
SF:/Users/marshall/Desktop/main_project/Back_End_Project_Week/knexfile.js
FNF:0
FNH:0
DA:1,1
LF:1
LH:1
BRF:0
BRH:0
end_of_record
TN:
SF:/Users/marshall/Desktop/main_project/Back_End_Project_Week/server.js
FN:24,(anonymous_0)
FNF:1
FNH:0
FNDA:0,(anonymous_0)
DA:1,1
DA:2,1
DA:3,1
DA:4,1
DA:5,1
DA:6,1
DA:8,1
DA:9,1
DA:11,1
DA:12,1
DA:13,1
DA:14,1
DA:16,1
DA:17,1
DA:19,1
DA:20,1
DA:23,1
DA:24,0
DA:27,1
LF:19
LH:18
BRDA:23,0,0,0
BRDA:23,0,1,1
BRF:2
BRH:1
end_of_record
TN:
SF:/Users/marshall/Desktop/main_project/Back_End_Project_Week/Routes/keys.js
FNF:0
FNH:0
DA:1,1
LF:1
LH:1
BRF:0
BRH:0
end_of_record
TN:
SF:/Users/marshall/Desktop/main_project/Back_End_Project_Week/Routes/notesRoutes.js
FN:11,protects
FN:14,(anonymous_1)
FN:32,(anonymous_2)
FN:41,(anonymous_3)
FN:44,(anonymous_4)
FN:52,(anonymous_5)
FN:54,(anonymous_6)
FN:57,(anonymous_7)
FN:64,(anonymous_8)
FN:70,(anonymous_9)
FN:79,(anonymous_10)
FN:86,(anonymous_11)
FN:98,(anonymous_12)
FN:101,(anonymous_13)
FN:108,(anonymous_14)
FN:113,(anonymous_15)
FN:122,(anonymous_16)
FNF:17
FNH:12
FNDA:5,protects
FNDA:3,(anonymous_1)
FNDA:2,(anonymous_2)
FNDA:1,(anonymous_3)
FNDA:0,(anonymous_4)
FNDA:2,(anonymous_5)
FNDA:2,(anonymous_6)
FNDA:0,(anonymous_7)
FNDA:1,(anonymous_8)
FNDA:1,(anonymous_9)
FNDA:0,(anonymous_10)
FNDA:2,(anonymous_11)
FNDA:1,(anonymous_12)
FNDA:0,(anonymous_13)
FNDA:2,(anonymous_14)
FNDA:2,(anonymous_15)
FNDA:0,(anonymous_16)
DA:1,1
DA:2,1
DA:3,1
DA:5,1
DA:6,1
DA:8,1
DA:9,1
DA:12,5
DA:13,5
DA:14,3
DA:15,3
DA:17,0
DA:21,3
DA:22,3
DA:26,2
DA:32,1
DA:33,2
DA:36,2
DA:37,1
DA:40,1
DA:42,1
DA:45,0
DA:46,0
DA:52,1
DA:53,2
DA:55,2
DA:58,0
DA:59,0
DA:64,1
DA:66,1
DA:68,1
DA:73,1
DA:74,0
DA:77,1
DA:80,0
DA:86,1
DA:87,2
DA:88,2
DA:91,2
DA:92,1
DA:95,1
DA:99,1
DA:102,0
DA:103,0
DA:108,1
DA:109,2
DA:110,2
DA:114,2
DA:115,1
DA:118,1
DA:119,1
DA:123,0
DA:124,0
DA:129,1
LF:54
LH:43
BRDA:13,0,0,3
BRDA:13,0,1,2
BRDA:15,1,0,0
BRDA:15,1,1,3
BRDA:36,2,0,1
BRDA:36,2,1,1
BRDA:36,3,0,2
BRDA:36,3,1,1
BRDA:73,4,0,0
BRDA:73,4,1,1
BRDA:91,5,0,1
BRDA:91,5,1,1
BRDA:91,6,0,2
BRDA:91,6,1,1
BRDA:114,7,0,1
BRDA:114,7,1,1
BRDA:118,8,0,1
BRDA:118,8,1,0
BRF:18
BRH:15
end_of_record
TN:
SF:/Users/marshall/Desktop/main_project/Back_End_Project_Week/Routes/usersRoutes.js
FN:12,generateToken
FN:23,(anonymous_1)
FN:53,(anonymous_2)
FN:59,(anonymous_3)
FN:63,(anonymous_4)
FN:68,(anonymous_5)
FN:75,(anonymous_6)
FN:80,(anonymous_7)
FNF:8
FNH:6
FNDA:2,generateToken
FNDA:1,(anonymous_1)
FNDA:1,(anonymous_2)
FNDA:1,(anonymous_3)
FNDA:0,(anonymous_4)
FNDA:0,(anonymous_5)
FNDA:2,(anonymous_6)
FNDA:2,(anonymous_7)
DA:1,1
DA:2,1
DA:3,1
DA:4,1
DA:5,1
DA:7,1
DA:8,1
DA:10,1
DA:13,2
DA:16,2
DA:20,2
DA:23,1
DA:24,1
DA:26,1
DA:27,1
DA:28,1
DA:30,1
DA:31,0
DA:32,0
DA:35,1
DA:36,0
DA:37,0
DA:41,1
DA:42,0
DA:46,1
DA:48,1
DA:49,1
DA:51,1
DA:55,1
DA:56,1
DA:60,1
DA:61,1
DA:64,0
DA:65,0
DA:69,0
DA:70,0
DA:75,1
DA:76,2
DA:77,2
DA:81,2
DA:83,1
DA:84,1
DA:86,1
DA:91,1
LF:44
LH:35
BRDA:30,0,0,0
BRDA:30,0,1,1
BRDA:35,1,0,0
BRDA:35,1,1,1
BRDA:41,2,0,0
BRDA:41,2,1,1
BRDA:46,3,0,1
BRDA:46,3,1,0
BRDA:81,4,0,1
BRDA:81,4,1,1
BRDA:81,5,0,2
BRDA:81,5,1,1
BRF:12
BRH:8
end_of_record
